app/build/outputs/mapping/release/seeds.txt
com.example.raybanvision.wearables.WearablesViewModel
com.example.raybanvision.MainActivity
com.example.raybanvision.network.ShoppingApi
com.example.raybanvision.session.SessionViewModel
com.example.raybanvision.network.ShoppingApi: java.lang.Object cancelAnalysis(java.lang.String,kotlin.coroutines.Continuation)
com.example.raybanvision.data.ResultStatus: com.example.raybanvision.data.ResultStatus valueOf(java.lang.String)
com.example.raybanvision.network.ShoppingApi: java.lang.Object continueAnalysis(java.lang.String,kotlin.coroutines.Continuation)
com.example.raybanvision.network.ShoppingApi: java.lang.Object startAnalysis(okhttp3.MultipartBody$Part,kotlin.coroutines.Continuation)
com.example.raybanvision.data.ResultStatus: com.example.raybanvision.data.ResultStatus[] values()
com.example.raybanvision.session.SessionViewModel: SessionViewModel(android.app.Application)
com.example.raybanvision.MainActivity: MainActivity()
com.example.raybanvision.network.ShoppingApi: java.lang.Object analysisStatus(java.lang.String,kotlin.coroutines.Continuation)
com.example.raybanvision.wearables.WearablesViewModel: WearablesViewModel(android.app.Application)
...
com.meta.wearable.dat.core.internal.permissions.PermissionsSession$checkPermission$2$1$4
com.meta.wearable.dat.dwa.capability.display.internal.protos.ViewComponent$Builder
com.facebook.wearable.connectivity.security.api.SecureResult
com.meta.wearable.dat.camera.internal.StreamImpl$PhotoCaptureRequest
com.facebook.wearable.connectivity.iolinks.securepipeline.StreamSecureIOLinkClosedRemotely
com.meta.wearable.dat.dwa.capability.capture.internal.protos.CaptureEventPayload$1
com.google.gson.internal.sql.SqlDateTypeAdapter
com.meta.wearable.dat.display.internal.DisplaySessionImpl$sendDisplayRequest$3
com.facebook.wearable.connectivity.security.streamsecurer.LinkSecurerForStream$getSecureLinkForSwitchSuspend$2$1$1$1$1
com.meta.wearable.acdc.sdk.state.broadcast.BluetoothGlobalSettingBroadcastReceiver
com.meta.wearable.acdc.sdk.wired.device.WiredLinkSwitchJob$1$2$9
com.facebook.wearable.common.comms.rtc.hera.proto.Coordination
androidx.compose.foundation.ScrollingLayoutElement
com.meta.wearable.acdc.sdk.wired.device.WiredMetaWearable$monitorState$2
kotlinx.coroutines.internal.StackTraceRecoveryKt
com.meta.wearable.sdk.concurrency.executors.WearableExecutors
com.meta.wearable.acdc.AppRegistrationResponseFailure
com.meta.wearable.dat.dwa.capability.capture.internal.protos.SetImagePropertiesRequestOrBuilder
com.facebook.wearable.common.comms.rtc.hera.proto.LinkMonitorPong
com.facebook.wearable.mediastream.sessionx.services.connection.context.ContextProviderHolder
kotlin.jvm.functions.Function0
com.meta.wearable.qpl3p.IQPLLoggerLogLevel$H2KTGuard
com.facebook.wearable.mediastream.sessionx.services.connection.jni.ConnectionServiceHybrid$start$1
com.facebook.wearable.mediastream.sessionx.data.models.ConfigAppType$Companion
com.meta.wearable.acdc.sdk.auth.ConstellationAuthentication$onError$2$1
com.meta.wearable.dat.core.session.DeviceSession$connectToDevice$handle$1
com.meta.wearable.dat.core.internal.a.a
com.meta.wearable.remotepermissions.PermissionEntryOrBuilder
com.facebook.wearable.connectivity.interfaces.ConnectionState$Complete
com.facebook.wearable.connectivity.bluetooth.gattreader2.GattInterface$onReadRemoteRssi$1
com.meta.wearable.acdc.sdk.auth.ConstellationAuthentication$onError$2$2
com.meta.wearable.dat.dwa.capability.display.internal.protos.DisplayEvent
com.meta.wearable.qpl3p.QPL3PLogger
com.google.android.material.timepicker.TimePickerView
com.facebook.wearable.common.comms.rtc.hera.proto.VideoStreamEnd
com.facebook.wearable.common.comms.rtc.hera.proto.AudioStreamControlMessage$1
com.meta.wearable.dat.dwa.protos.CapabilityInfoOrBuilder
com.facebook.wearable.mediastream.sessionx.data.models.device.DeviceType$Companion
com.facebook.wearable.common.comms.rtc.hera.proto.VideoStreamControlMessage$PayloadCase
com.facebook.wearable.datax.util.SwappableInputStream
com.google.gson.internal.sql.SqlTimeTypeAdapter$1
com.meta.wearable.dat.camera.internal.StreamEventCoordinator$handleCapabilityResponseLocked$3
com.meta.wearable.dat.display.internal.DisplayImpl$clearDisplay$1
com.meta.wearable.dat.dwa.capability.display.internal.protos.ImageSize$1
com.facebook.wearable.common.comms.rtc.hera.proto.VideoStreamEnd$1
com.meta.wearable.dat.camera.types.VideoQuality
com.facebook.wearable.connectivity.bluetooth.gattreader2.GattReader2$waitForConnection$3
com.meta.wearable.dat.dwa.protos.HeartbeatEvent$1
androidx.compose.foundation.lazy.layout.TraversablePrefetchStateModifierElement
com.facebook.wearable.mediastream.sessionx.data.models.ControlChannelTransport$Companion
com.meta.wearable.dat.display.internal.DisplaySessionImpl$clearDisplay$2
com.facebook.wearable.common.comms.rtc.hera.proto.AudioStreamStatusMessageOrBuilder
com.meta.wearable.acdc.sdk.service.ACDCRegistrationServiceBinder$startRegistrationInternal$1$1
com.facebook.wearable.airshield.securer.StreamSecurer
com.meta.wearable.dat.core.internal.permissions.PermissionsSession$checkPermission$2$1$6